[debug] [2022-12-03T13:51:05.381Z] ----------------------------------------------------------------------
[debug] [2022-12-03T13:51:05.383Z] Command:       C:\Program Files\nodejs\node.exe C:\Users\User\AppData\Roaming\npm\node_modules\firebase-tools\lib\bin\firebase.js deploy
[debug] [2022-12-03T13:51:05.384Z] CLI Version:   11.13.0
[debug] [2022-12-03T13:51:05.384Z] Platform:      win32
[debug] [2022-12-03T13:51:05.384Z] Node Version:  v16.15.0
[debug] [2022-12-03T13:51:05.390Z] Time:          Sat Dec 03 2022 08:51:05 GMT-0500 (heure normale de l’Est nord-américain)
[debug] [2022-12-03T13:51:05.391Z] ----------------------------------------------------------------------
[debug] 
[debug] [2022-12-03T13:51:05.396Z] >>> [apiv2][query] GET https://firebase-public.firebaseio.com/cli.json [none]
[debug] [2022-12-03T13:51:05.517Z] > command requires scopes: ["email","openid","https://www.googleapis.com/auth/cloudplatformprojects.readonly","https://www.googleapis.com/auth/firebase","https://www.googleapis.com/auth/cloud-platform"]
[debug] [2022-12-03T13:51:05.518Z] > authorizing via signed-in user (gontrandekermadec@gmail.com)
[debug] [2022-12-03T13:51:05.518Z] [iam] checking project guadeloupe-motoclub for permissions ["cloudfunctions.functions.create","cloudfunctions.functions.delete","cloudfunctions.functions.get","cloudfunctions.functions.list","cloudfunctions.functions.update","cloudfunctions.operations.get","firebase.projects.get","firebasehosting.sites.update"]
[debug] [2022-12-03T13:51:05.519Z] > refreshing access token with scopes: []
[debug] [2022-12-03T13:51:05.520Z] >>> [apiv2][query] POST https://www.googleapis.com/oauth2/v3/token [none]
[debug] [2022-12-03T13:51:05.521Z] >>> [apiv2][body] POST https://www.googleapis.com/oauth2/v3/token [omitted]
[debug] [2022-12-03T13:51:05.689Z] <<< [apiv2][status] GET https://firebase-public.firebaseio.com/cli.json 200
[debug] [2022-12-03T13:51:05.690Z] <<< [apiv2][body] GET https://firebase-public.firebaseio.com/cli.json {"cloudBuildErrorAfter":1594252800000,"cloudBuildWarnAfter":1590019200000,"defaultNode10After":1594252800000,"minVersion":"3.0.5","node8DeploysDisabledAfter":1613390400000,"node8RuntimeDisabledAfter":1615809600000,"node8WarnAfter":1600128000000}
[debug] [2022-12-03T13:51:05.727Z] <<< [apiv2][status] POST https://www.googleapis.com/oauth2/v3/token 200
[debug] [2022-12-03T13:51:05.727Z] <<< [apiv2][body] POST https://www.googleapis.com/oauth2/v3/token [omitted]
[debug] [2022-12-03T13:51:05.745Z] >>> [apiv2][query] POST https://cloudresourcemanager.googleapis.com/v1/projects/guadeloupe-motoclub:testIamPermissions [none]
[debug] [2022-12-03T13:51:05.745Z] >>> [apiv2][(partial)header] POST https://cloudresourcemanager.googleapis.com/v1/projects/guadeloupe-motoclub:testIamPermissions x-goog-quota-user=projects/guadeloupe-motoclub
[debug] [2022-12-03T13:51:05.745Z] >>> [apiv2][body] POST https://cloudresourcemanager.googleapis.com/v1/projects/guadeloupe-motoclub:testIamPermissions {"permissions":["cloudfunctions.functions.create","cloudfunctions.functions.delete","cloudfunctions.functions.get","cloudfunctions.functions.list","cloudfunctions.functions.update","cloudfunctions.operations.get","firebase.projects.get","firebasehosting.sites.update"]}
[debug] [2022-12-03T13:51:06.052Z] <<< [apiv2][status] POST https://cloudresourcemanager.googleapis.com/v1/projects/guadeloupe-motoclub:testIamPermissions 200
[debug] [2022-12-03T13:51:06.053Z] <<< [apiv2][body] POST https://cloudresourcemanager.googleapis.com/v1/projects/guadeloupe-motoclub:testIamPermissions {"permissions":["cloudfunctions.functions.create","cloudfunctions.functions.delete","cloudfunctions.functions.get","cloudfunctions.functions.list","cloudfunctions.functions.update","cloudfunctions.operations.get","firebase.projects.get","firebasehosting.sites.update"]}
[debug] [2022-12-03T13:51:06.054Z] >>> [apiv2][query] POST https://iam.googleapis.com/v1/projects/guadeloupe-motoclub/serviceAccounts/guadeloupe-motoclub@appspot.gserviceaccount.com:testIamPermissions [none]
[debug] [2022-12-03T13:51:06.055Z] >>> [apiv2][body] POST https://iam.googleapis.com/v1/projects/guadeloupe-motoclub/serviceAccounts/guadeloupe-motoclub@appspot.gserviceaccount.com:testIamPermissions {"permissions":["iam.serviceAccounts.actAs"]}
[debug] [2022-12-03T13:51:06.318Z] <<< [apiv2][status] POST https://iam.googleapis.com/v1/projects/guadeloupe-motoclub/serviceAccounts/guadeloupe-motoclub@appspot.gserviceaccount.com:testIamPermissions 200
[debug] [2022-12-03T13:51:06.319Z] <<< [apiv2][body] POST https://iam.googleapis.com/v1/projects/guadeloupe-motoclub/serviceAccounts/guadeloupe-motoclub@appspot.gserviceaccount.com:testIamPermissions {"permissions":["iam.serviceAccounts.actAs"]}
[debug] [2022-12-03T13:51:06.325Z] >>> [apiv2][query] GET https://firebase.googleapis.com/v1beta1/projects/guadeloupe-motoclub [none]
[debug] [2022-12-03T13:51:06.668Z] <<< [apiv2][status] GET https://firebase.googleapis.com/v1beta1/projects/guadeloupe-motoclub 200
[debug] [2022-12-03T13:51:06.668Z] <<< [apiv2][body] GET https://firebase.googleapis.com/v1beta1/projects/guadeloupe-motoclub {"projectId":"guadeloupe-motoclub","projectNumber":"991014625849","displayName":"guadeloupe-motoclub","name":"projects/guadeloupe-motoclub","resources":{"hostingSite":"guadeloupe-motoclub"},"state":"ACTIVE","etag":"1_ac9e79b4-ab1f-4be9-8cb7-2e3cf7b91245"}
[info] 
[info] === Deploying to 'guadeloupe-motoclub'...
[info] 
[info] i  deploying functions, hosting 
[info] Running command: npm --prefix "$RESOURCE_DIR" run lint
